::1 - - [20/Apr/2022:19:47:00 +0000] "GET / HTTP/1.1" 200 61 "-" "Mozilla/5.0 (Macintosh; Intel Mac OS X 10_15_7) AppleWebKit/537.36 (KHTML, like Gecko) Chrome/100.0.4896.127 Safari/537.36"
::1 - - [20/Apr/2022:19:47:00 +0000] "GET /favicon.ico HTTP/1.1" 404 150 "http://localhost/" "Mozilla/5.0 (Macintosh; Intel Mac OS X 10_15_7) AppleWebKit/537.36 (KHTML, like Gecko) Chrome/100.0.4896.127 Safari/537.36"
::1 - - [20/Apr/2022:19:47:11 +0000] "GET /oauth/google/login HTTP/1.1" 302 0 "-" "Mozilla/5.0 (Macintosh; Intel Mac OS X 10_15_7) AppleWebKit/537.36 (KHTML, like Gecko) Chrome/100.0.4896.127 Safari/537.36"
::1 - - [20/Apr/2022:19:47:52 +0000] "GET /oauth/google/login HTTP/1.1" 302 0 "-" "Mozilla/5.0 (Macintosh; Intel Mac OS X 10_15_7) AppleWebKit/537.36 (KHTML, like Gecko) Chrome/100.0.4896.127 Safari/537.36"
::1 - - [20/Apr/2022:19:47:54 +0000] "GET /api/oauth/google/callback?code=4/0AX4XfWjJNMkOlF9BNiJMHG8ct43THVSnMXdZKyPEkh62YWw-hMlVOgAiWarPaActdX9Reg&scope=email%20profile%20openid%20https://www.googleapis.com/auth/userinfo.profile%20https://www.googleapis.com/auth/userinfo.email&authuser=1&hd=g.nccu.edu.tw&prompt=none HTTP/1.1" 404 164 "-" "Mozilla/5.0 (Macintosh; Intel Mac OS X 10_15_7) AppleWebKit/537.36 (KHTML, like Gecko) Chrome/100.0.4896.127 Safari/537.36"
::1 - - [20/Apr/2022:19:48:26 +0000] "GET /api/oauth/google/callback?code=4/0AX4XfWjJNMkOlF9BNiJMHG8ct43THVSnMXdZKyPEkh62YWw-hMlVOgAiWarPaActdX9Reg&scope=email%20profile%20openid%20https://www.googleapis.com/auth/userinfo.profile%20https://www.googleapis.com/auth/userinfo.email&authuser=1&hd=g.nccu.edu.tw&prompt=none HTTP/1.1" 404 164 "-" "Mozilla/5.0 (Macintosh; Intel Mac OS X 10_15_7) AppleWebKit/537.36 (KHTML, like Gecko) Chrome/100.0.4896.127 Safari/537.36"
::1 - - [20/Apr/2022:19:48:29 +0000] "GET /api/oauth/google/callback?code=4/0AX4XfWjRXnagy9pK4v13aoa5D96hakn6nIZ3T6oYg371wvgcYRZIO6vNtpUPclmmxTkF5w&scope=email%20profile%20openid%20https://www.googleapis.com/auth/userinfo.profile%20https://www.googleapis.com/auth/userinfo.email&authuser=1&hd=g.nccu.edu.tw&prompt=none HTTP/1.1" 404 164 "-" "Mozilla/5.0 (Macintosh; Intel Mac OS X 10_15_7) AppleWebKit/537.36 (KHTML, like Gecko) Chrome/100.0.4896.127 Safari/537.36"
::1 - - [20/Apr/2022:19:48:59 +0000] "GET /api/oauth/google/callback?code=4/0AX4XfWjRXnagy9pK4v13aoa5D96hakn6nIZ3T6oYg371wvgcYRZIO6vNtpUPclmmxTkF5w&scope=email%20profile%20openid%20https://www.googleapis.com/auth/userinfo.profile%20https://www.googleapis.com/auth/userinfo.email&authuser=1&hd=g.nccu.edu.tw&prompt=none HTTP/1.1" 404 164 "-" "Mozilla/5.0 (Macintosh; Intel Mac OS X 10_15_7) AppleWebKit/537.36 (KHTML, like Gecko) Chrome/100.0.4896.127 Safari/537.36"
::1 - - [20/Apr/2022:19:49:09 +0000] "GET /oauth/google/login HTTP/1.1" 302 0 "-" "Mozilla/5.0 (Macintosh; Intel Mac OS X 10_15_7) AppleWebKit/537.36 (KHTML, like Gecko) Chrome/100.0.4896.127 Safari/537.36"
::1 - - [20/Apr/2022:19:50:06 +0000] "GET /api/oauth/google/callback?code=4/0AX4XfWhPJAR3lS8B3Pc8sppH93qNvKoFIe-ByK-ueh4WwLzaEFaVaUptZSHA6oYk3bf-eA&scope=email%20profile%20https://www.googleapis.com/auth/userinfo.email%20https://www.googleapis.com/auth/userinfo.profile%20openid&authuser=1&hd=g.nccu.edu.tw&prompt=none HTTP/1.1" 404 164 "-" "Mozilla/5.0 (Macintosh; Intel Mac OS X 10_15_7) AppleWebKit/537.36 (KHTML, like Gecko) Chrome/100.0.4896.127 Safari/537.36"
::1 - - [20/Apr/2022:19:50:13 +0000] "GET /oauth/google/login HTTP/1.1" 302 0 "-" "Mozilla/5.0 (Macintosh; Intel Mac OS X 10_15_7) AppleWebKit/537.36 (KHTML, like Gecko) Chrome/100.0.4896.127 Safari/537.36"
::1 - - [20/Apr/2022:19:52:18 +0000] "GET /oauth/google/login HTTP/1.1" 302 0 "-" "Mozilla/5.0 (Macintosh; Intel Mac OS X 10_15_7) AppleWebKit/537.36 (KHTML, like Gecko) Chrome/100.0.4896.127 Safari/537.36"
::1 - - [20/Apr/2022:19:53:41 +0000] "GET /oauth/google/callback?code=4/0AX4XfWgxrCjLjjIC6XQ_t2Y3N2PPDplxVsO-DPW6OrF8UHL7j5DI0KrSfcqds68QgzDLBw&scope=email%20profile%20openid%20https://www.googleapis.com/auth/userinfo.email%20https://www.googleapis.com/auth/userinfo.profile&authuser=1&hd=g.nccu.edu.tw&prompt=none HTTP/1.1" 500 1188 "-" "Mozilla/5.0 (Macintosh; Intel Mac OS X 10_15_7) AppleWebKit/537.36 (KHTML, like Gecko) Chrome/100.0.4896.127 Safari/537.36"
::1 - - [20/Apr/2022:19:54:18 +0000] "GET /oauth/google/callback?code=4/0AX4XfWhSTpn9T7j20Dh6njhV2RBkdMtuUKNFVIyfKF4tve8OPKaWT3wnpP-gT3-S57_bxQ&scope=email%20profile%20openid%20https://www.googleapis.com/auth/userinfo.profile%20https://www.googleapis.com/auth/userinfo.email&authuser=1&hd=g.nccu.edu.tw&prompt=none HTTP/1.1" 500 1188 "-" "Mozilla/5.0 (Macintosh; Intel Mac OS X 10_15_7) AppleWebKit/537.36 (KHTML, like Gecko) Chrome/100.0.4896.127 Safari/537.36"
::1 - - [20/Apr/2022:19:57:09 +0000] "GET /oauth/google/callback?code=4/0AX4XfWjyZyEpsinFtrh2Taf0QfqqK7BsVW5TzPvHWjBe326BR2a0hNQHcsQ56giofaVtTg&scope=email%20profile%20openid%20https://www.googleapis.com/auth/userinfo.profile%20https://www.googleapis.com/auth/userinfo.email&authuser=1&hd=g.nccu.edu.tw&prompt=none HTTP/1.1" 500 1188 "-" "Mozilla/5.0 (Macintosh; Intel Mac OS X 10_15_7) AppleWebKit/537.36 (KHTML, like Gecko) Chrome/100.0.4896.127 Safari/537.36"
::1 - - [20/Apr/2022:19:57:39 +0000] "GET /oauth/google/callback?code=4/0AX4XfWhGF3mLbm-apg0wzbI6oLgNChK0yfvKsaQNLTVzv3DnR0OV7feddixA1Vu-58lH9Q&scope=email%20profile%20https://www.googleapis.com/auth/userinfo.email%20https://www.googleapis.com/auth/userinfo.profile%20openid&authuser=1&hd=g.nccu.edu.tw&prompt=none HTTP/1.1" 500 1188 "-" "Mozilla/5.0 (Macintosh; Intel Mac OS X 10_15_7) AppleWebKit/537.36 (KHTML, like Gecko) Chrome/100.0.4896.127 Safari/537.36"
::1 - - [20/Apr/2022:19:58:35 +0000] "GET /oauth/google/login HTTP/1.1" 302 0 "-" "Mozilla/5.0 (Macintosh; Intel Mac OS X 10_15_7) AppleWebKit/537.36 (KHTML, like Gecko) Chrome/100.0.4896.127 Safari/537.36"
::1 - - [20/Apr/2022:19:58:59 +0000] "GET /oauth/google/callback?code=4/0AX4XfWguwYEWjJVvO52boAIpd2z5qKLUmFaXRzK28CTzAq6nBSpPkZ02JDEg9CJeKrRaLQ&scope=email%20profile%20https://www.googleapis.com/auth/userinfo.email%20https://www.googleapis.com/auth/userinfo.profile%20openid&authuser=1&hd=g.nccu.edu.tw&prompt=none HTTP/1.1" 500 1188 "-" "Mozilla/5.0 (Macintosh; Intel Mac OS X 10_15_7) AppleWebKit/537.36 (KHTML, like Gecko) Chrome/100.0.4896.127 Safari/537.36"
::1 - - [20/Apr/2022:19:59:16 +0000] "GET /oauth/google/login HTTP/1.1" 302 0 "-" "Mozilla/5.0 (Macintosh; Intel Mac OS X 10_15_7) AppleWebKit/537.36 (KHTML, like Gecko) Chrome/100.0.4896.127 Safari/537.36"
::1 - - [20/Apr/2022:19:59:25 +0000] "GET /oauth/google/login HTTP/1.1" 302 0 "-" "Mozilla/5.0 (Macintosh; Intel Mac OS X 10_15_7) AppleWebKit/537.36 (KHTML, like Gecko) Chrome/100.0.4896.127 Safari/537.36"
::1 - - [20/Apr/2022:20:00:02 +0000] "GET /api/oauth/google/callback?code=4/0AX4XfWgwXBWjmszvdyeXcNHXXXmR83mHoOOaGS6KbRyd9xAxZ2KAKwzg26JEBnkentx9fA&scope=email%20profile%20openid%20https://www.googleapis.com/auth/userinfo.email%20https://www.googleapis.com/auth/userinfo.profile&authuser=1&hd=g.nccu.edu.tw&prompt=none HTTP/1.1" 404 164 "-" "Mozilla/5.0 (Macintosh; Intel Mac OS X 10_15_7) AppleWebKit/537.36 (KHTML, like Gecko) Chrome/100.0.4896.127 Safari/537.36"
::1 - - [20/Apr/2022:20:00:16 +0000] "GET /oauth/google/login HTTP/1.1" 302 0 "-" "Mozilla/5.0 (Macintosh; Intel Mac OS X 10_15_7) AppleWebKit/537.36 (KHTML, like Gecko) Chrome/100.0.4896.127 Safari/537.36"
::1 - - [20/Apr/2022:20:00:53 +0000] "GET /oauth/google/callback?code=4/0AX4XfWhY26l-FeN0JyT0NUIy8h5kQImMdPqGVPzn-RWl8AgStKL_kcBWBNhBUq6vIuR76w&scope=email%20profile%20https://www.googleapis.com/auth/userinfo.email%20https://www.googleapis.com/auth/userinfo.profile%20openid&authuser=1&hd=g.nccu.edu.tw&prompt=none HTTP/1.1" 500 1188 "-" "Mozilla/5.0 (Macintosh; Intel Mac OS X 10_15_7) AppleWebKit/537.36 (KHTML, like Gecko) Chrome/100.0.4896.127 Safari/537.36"
::1 - - [20/Apr/2022:20:01:01 +0000] "GET /oauth/google/login HTTP/1.1" 302 0 "-" "Mozilla/5.0 (Macintosh; Intel Mac OS X 10_15_7) AppleWebKit/537.36 (KHTML, like Gecko) Chrome/100.0.4896.127 Safari/537.36"
::1 - - [20/Apr/2022:20:01:02 +0000] "GET /oauth/google/callback?code=4/0AX4XfWjOlsZ8hoIeAKSQgkYkdKGtkSMYjC5bfP3doW7K8W-GqMpOoc2Vg7EC9alcPx2XAQ&scope=email%20profile%20https://www.googleapis.com/auth/userinfo.email%20https://www.googleapis.com/auth/userinfo.profile%20openid&authuser=1&hd=g.nccu.edu.tw&prompt=none HTTP/1.1" 302 86 "-" "Mozilla/5.0 (Macintosh; Intel Mac OS X 10_15_7) AppleWebKit/537.36 (KHTML, like Gecko) Chrome/100.0.4896.127 Safari/537.36"
::1 - - [20/Apr/2022:20:01:02 +0000] "GET /oauth/google/success HTTP/1.1" 302 86 "-" "Mozilla/5.0 (Macintosh; Intel Mac OS X 10_15_7) AppleWebKit/537.36 (KHTML, like Gecko) Chrome/100.0.4896.127 Safari/537.36"
::1 - - [20/Apr/2022:20:01:59 +0000] "GET /oauth/google/callback?code=4/0AX4XfWikl51cBFDiSueECmp-qeP8eA_uzrlw73YRXATskan78k4i8dHW9hMFRb5cQ-e-3w&scope=email%20profile%20https://www.googleapis.com/auth/userinfo.email%20https://www.googleapis.com/auth/userinfo.profile%20openid&authuser=1&hd=g.nccu.edu.tw&prompt=none HTTP/1.1" 500 1188 "-" "Mozilla/5.0 (Macintosh; Intel Mac OS X 10_15_7) AppleWebKit/537.36 (KHTML, like Gecko) Chrome/100.0.4896.127 Safari/537.36"
::1 - - [22/Apr/2022:17:13:23 +0000] "GET / HTTP/1.1" 200 61 "-" "Mozilla/5.0 (X11; Linux x86_64) AppleWebKit/537.36 (KHTML, like Gecko) Chrome/100.0.4896.127 Safari/537.36"
::1 - - [22/Apr/2022:17:13:23 +0000] "GET /favicon.ico HTTP/1.1" 404 150 "http://localhost:3000/" "Mozilla/5.0 (X11; Linux x86_64) AppleWebKit/537.36 (KHTML, like Gecko) Chrome/100.0.4896.127 Safari/537.36"
::1 - - [22/Apr/2022:17:17:36 +0000] "GET /api/profile HTTP/1.1" 404 150 "-" "Mozilla/5.0 (X11; Linux x86_64) AppleWebKit/537.36 (KHTML, like Gecko) Chrome/100.0.4896.127 Safari/537.36"
::1 - - [22/Apr/2022:17:19:08 +0000] "GET /api/user HTTP/1.1" 404 147 "-" "Mozilla/5.0 (X11; Linux x86_64) AppleWebKit/537.36 (KHTML, like Gecko) Chrome/100.0.4896.127 Safari/537.36"
::1 - - [22/Apr/2022:17:33:36 +0000] "GET /api/getUserProfile HTTP/1.1" 404 157 "-" "Mozilla/5.0 (X11; Linux x86_64) AppleWebKit/537.36 (KHTML, like Gecko) Chrome/100.0.4896.127 Safari/537.36"
::1 - - [22/Apr/2022:18:03:09 +0000] "GET /api/user/profile HTTP/1.1" 401 35 "-" "Mozilla/5.0 (X11; Linux x86_64) AppleWebKit/537.36 (KHTML, like Gecko) Chrome/100.0.4896.127 Safari/537.36"
::1 - - [22/Apr/2022:18:03:42 +0000] "GET /api/user/profile HTTP/1.1" 200 1840 "-" "Mozilla/5.0 (X11; Linux x86_64) AppleWebKit/537.36 (KHTML, like Gecko) Chrome/100.0.4896.127 Safari/537.36"
::1 - - [22/Apr/2022:18:12:18 +0000] "GET /api/user/profile HTTP/1.1" 200 1815 "-" "Mozilla/5.0 (X11; Linux x86_64) AppleWebKit/537.36 (KHTML, like Gecko) Chrome/100.0.4896.127 Safari/537.36"
::1 - - [23/Apr/2022:02:51:59 +0000] "GET /oauth/google/login HTTP/1.1" 302 0 "-" "Mozilla/5.0 (Macintosh; Intel Mac OS X 10_15_7) AppleWebKit/537.36 (KHTML, like Gecko) Chrome/100.0.4896.127 Safari/537.36"
::1 - - [23/Apr/2022:02:59:31 +0000] "GET /oauth/google/callback?code=4/0AX4XfWi5q2QuBfrtB4e1hA6QrWJjTryx4RHQqfQOZMCU3HxMCUZitRlqnpMhvBG44lFNSg&scope=email%20profile%20openid%20https://www.googleapis.com/auth/userinfo.profile%20https://www.googleapis.com/auth/userinfo.email&authuser=1&hd=g.nccu.edu.tw&prompt=none HTTP/1.1" 500 1188 "-" "Mozilla/5.0 (Macintosh; Intel Mac OS X 10_15_7) AppleWebKit/537.36 (KHTML, like Gecko) Chrome/100.0.4896.127 Safari/537.36"
::1 - - [23/Apr/2022:06:45:17 +0000] "GET / HTTP/1.1" 200 61 "-" "Mozilla/5.0 (Macintosh; Intel Mac OS X 10_15_7) AppleWebKit/537.36 (KHTML, like Gecko) Chrome/100.0.4896.127 Safari/537.36"
::1 - - [23/Apr/2022:06:45:27 +0000] "GET /oauth/google/login HTTP/1.1" 302 0 "-" "Mozilla/5.0 (Macintosh; Intel Mac OS X 10_15_7) AppleWebKit/537.36 (KHTML, like Gecko) Chrome/100.0.4896.127 Safari/537.36"
::1 - - [23/Apr/2022:06:46:24 +0000] "GET /oauth/google/login HTTP/1.1" 302 0 "-" "Mozilla/5.0 (Macintosh; Intel Mac OS X 10_15_7) AppleWebKit/537.36 (KHTML, like Gecko) Chrome/100.0.4896.127 Safari/537.36"
::1 - - [23/Apr/2022:07:05:12 +0000] "GET /oauth/google/login HTTP/1.1" 302 0 "-" "Mozilla/5.0 (Macintosh; Intel Mac OS X 10_15_7) AppleWebKit/537.36 (KHTML, like Gecko) Chrome/100.0.4896.127 Safari/537.36"
::1 - - [23/Apr/2022:07:05:19 +0000] "GET /oauth/google/login HTTP/1.1" 302 0 "-" "Mozilla/5.0 (Macintosh; Intel Mac OS X 10_15_7) AppleWebKit/537.36 (KHTML, like Gecko) Chrome/100.0.4896.127 Safari/537.36"
::1 - - [23/Apr/2022:07:37:43 +0000] "GET / HTTP/1.1" 304 - "-" "Mozilla/5.0 (Macintosh; Intel Mac OS X 10_15_7) AppleWebKit/537.36 (KHTML, like Gecko) Chrome/100.0.4896.127 Safari/537.36"
::1 - - [23/Apr/2022:07:37:44 +0000] "GET /favicon.ico HTTP/1.1" 404 150 "http://localhost:3000/" "Mozilla/5.0 (Macintosh; Intel Mac OS X 10_15_7) AppleWebKit/537.36 (KHTML, like Gecko) Chrome/100.0.4896.127 Safari/537.36"
::1 - - [23/Apr/2022:07:37:48 +0000] "GET /oauth/google/login HTTP/1.1" 302 0 "-" "Mozilla/5.0 (Macintosh; Intel Mac OS X 10_15_7) AppleWebKit/537.36 (KHTML, like Gecko) Chrome/100.0.4896.127 Safari/537.36"
::1 - - [23/Apr/2022:07:38:22 +0000] "GET /oauth/google/callback?code=4/0AX4XfWhjBEqmh3Tawvx7fix8NmM7N1LFWQ2MuUipZCDn3Q-iKJk6zUnHR7HHkgA-oqM3xA&scope=email%20profile%20openid%20https://www.googleapis.com/auth/userinfo.email%20https://www.googleapis.com/auth/userinfo.profile&authuser=1&hd=g.nccu.edu.tw&prompt=none HTTP/1.1" 500 1188 "-" "Mozilla/5.0 (Macintosh; Intel Mac OS X 10_15_7) AppleWebKit/537.36 (KHTML, like Gecko) Chrome/100.0.4896.127 Safari/537.36"
::1 - - [23/Apr/2022:07:41:13 +0000] "GET /oauth/google/login HTTP/1.1" 302 0 "-" "Mozilla/5.0 (Macintosh; Intel Mac OS X 10_15_7) AppleWebKit/537.36 (KHTML, like Gecko) Chrome/100.0.4896.127 Safari/537.36"
::1 - - [23/Apr/2022:07:58:35 +0000] "GET /api/user/profile HTTP/1.1" 401 35 "-" "Mozilla/5.0 (X11; Linux x86_64) AppleWebKit/537.36 (KHTML, like Gecko) Chrome/100.0.4896.127 Safari/537.36"
::1 - - [23/Apr/2022:09:54:15 +0000] "GET /api/wallet/create HTTP/1.1" 404 156 "-" "Mozilla/5.0 (X11; Linux x86_64) AppleWebKit/537.36 (KHTML, like Gecko) Chrome/100.0.4896.127 Safari/537.36"
::1 - - [23/Apr/2022:09:55:26 +0000] "GET /api/wallet/create HTTP/1.1" 404 156 "-" "Mozilla/5.0 (X11; Linux x86_64) AppleWebKit/537.36 (KHTML, like Gecko) Chrome/100.0.4896.127 Safari/537.36"
::1 - - [23/Apr/2022:09:56:29 +0000] "GET /api/wallet HTTP/1.1" 200 1488 "-" "Mozilla/5.0 (X11; Linux x86_64) AppleWebKit/537.36 (KHTML, like Gecko) Chrome/100.0.4896.127 Safari/537.36"
::1 - - [23/Apr/2022:09:57:15 +0000] "GET /api/wallet/create HTTP/1.1" 404 156 "-" "Mozilla/5.0 (X11; Linux x86_64) AppleWebKit/537.36 (KHTML, like Gecko) Chrome/100.0.4896.127 Safari/537.36"
::1 - - [23/Apr/2022:10:03:48 +0000] "POST /api/wallet/create HTTP/1.1" 200 2 "-" "PostmanRuntime/7.29.0"
::1 - - [23/Apr/2022:10:04:52 +0000] "POST /api/wallet/create HTTP/1.1" 200 2 "-" "PostmanRuntime/7.29.0"
::1 - - [23/Apr/2022:10:18:47 +0000] "POST /api/wallet/create HTTP/1.1" 200 20 "-" "PostmanRuntime/7.29.0"
::1 - - [23/Apr/2022:10:34:16 +0000] "GET / HTTP/1.1" 304 - "-" "Mozilla/5.0 (X11; Linux x86_64) AppleWebKit/537.36 (KHTML, like Gecko) Chrome/100.0.4896.127 Safari/537.36"
::1 - - [23/Apr/2022:10:34:26 +0000] "GET /user/profile HTTP/1.1" 404 151 "-" "Mozilla/5.0 (X11; Linux x86_64) AppleWebKit/537.36 (KHTML, like Gecko) Chrome/100.0.4896.127 Safari/537.36"
::1 - - [23/Apr/2022:10:34:34 +0000] "GET /api/user/profile HTTP/1.1" 401 35 "-" "Mozilla/5.0 (X11; Linux x86_64) AppleWebKit/537.36 (KHTML, like Gecko) Chrome/100.0.4896.127 Safari/537.36"
::1 - - [23/Apr/2022:10:34:48 +0000] "GET /api/wallet/ HTTP/1.1" 200 67 "-" "Mozilla/5.0 (X11; Linux x86_64) AppleWebKit/537.36 (KHTML, like Gecko) Chrome/100.0.4896.127 Safari/537.36"
::1 - - [23/Apr/2022:10:36:56 +0000] "GET /api/wallet/ HTTP/1.1" 304 - "-" "Mozilla/5.0 (X11; Linux x86_64) AppleWebKit/537.36 (KHTML, like Gecko) Chrome/100.0.4896.127 Safari/537.36"
::1 - - [23/Apr/2022:10:37:48 +0000] "GET /api/wallet/ HTTP/1.1" 200 1488 "-" "Mozilla/5.0 (X11; Linux x86_64) AppleWebKit/537.36 (KHTML, like Gecko) Chrome/100.0.4896.127 Safari/537.36"
::1 - - [27/Apr/2022:12:10:52 +0000] "GET /api/user/profile HTTP/1.1" 401 35 "-" "Mozilla/5.0 (X11; Linux x86_64) AppleWebKit/537.36 (KHTML, like Gecko) Chrome/100.0.4896.127 Safari/537.36"
::1 - - [27/Apr/2022:12:10:52 +0000] "GET /api/user/profile HTTP/1.1" 401 35 "-" "Mozilla/5.0 (X11; Linux x86_64) AppleWebKit/537.36 (KHTML, like Gecko) Chrome/100.0.4896.127 Safari/537.36"
::1 - - [27/Apr/2022:12:10:53 +0000] "GET /favicon.ico HTTP/1.1" 404 150 "http://localhost:3000/api/user/profile" "Mozilla/5.0 (X11; Linux x86_64) AppleWebKit/537.36 (KHTML, like Gecko) Chrome/100.0.4896.127 Safari/537.36"
::1 - - [27/Apr/2022:12:11:09 +0000] "GET /api/wallet HTTP/1.1" 200 64 "-" "Mozilla/5.0 (X11; Linux x86_64) AppleWebKit/537.36 (KHTML, like Gecko) Chrome/100.0.4896.127 Safari/537.36"
::1 - - [27/Apr/2022:12:12:51 +0000] "GET /api/record HTTP/1.1" 201 235 "-" "Mozilla/5.0 (X11; Linux x86_64) AppleWebKit/537.36 (KHTML, like Gecko) Chrome/100.0.4896.127 Safari/537.36"
::1 - - [28/Apr/2022:09:27:55 +0000] "GET /api/user/profile HTTP/1.1" 401 35 "-" "Mozilla/5.0 (X11; Linux x86_64) AppleWebKit/537.36 (KHTML, like Gecko) Chrome/100.0.4896.127 Safari/537.36"
::1 - - [28/Apr/2022:09:28:00 +0000] "GET /api/record/ HTTP/1.1" 201 235 "-" "Mozilla/5.0 (X11; Linux x86_64) AppleWebKit/537.36 (KHTML, like Gecko) Chrome/100.0.4896.127 Safari/537.36"
::1 - - [28/Apr/2022:09:28:00 +0000] "GET /favicon.ico HTTP/1.1" 404 150 "http://localhost:3000/api/record/" "Mozilla/5.0 (X11; Linux x86_64) AppleWebKit/537.36 (KHTML, like Gecko) Chrome/100.0.4896.127 Safari/537.36"
::1 - - [28/Apr/2022:09:31:15 +0000] "GET /api/record/ HTTP/1.1" 201 523 "-" "Mozilla/5.0 (X11; Linux x86_64) AppleWebKit/537.36 (KHTML, like Gecko) Chrome/100.0.4896.127 Safari/537.36"
::1 - - [28/Apr/2022:09:32:12 +0000] "GET /api/record/ HTTP/1.1" 201 523 "-" "Mozilla/5.0 (X11; Linux x86_64) AppleWebKit/537.36 (KHTML, like Gecko) Chrome/100.0.4896.127 Safari/537.36"
::1 - - [28/Apr/2022:09:32:17 +0000] "GET / HTTP/1.1" 304 - "-" "Mozilla/5.0 (X11; Linux x86_64) AppleWebKit/537.36 (KHTML, like Gecko) Chrome/100.0.4896.127 Safari/537.36"
::1 - - [28/Apr/2022:09:32:24 +0000] "GET /login HTTP/1.1" 404 144 "-" "Mozilla/5.0 (X11; Linux x86_64) AppleWebKit/537.36 (KHTML, like Gecko) Chrome/100.0.4896.127 Safari/537.36"
::1 - - [28/Apr/2022:09:49:36 +0000] "GET /oauth HTTP/1.1" 404 144 "-" "Mozilla/5.0 (X11; Linux x86_64) AppleWebKit/537.36 (KHTML, like Gecko) Chrome/100.0.4896.127 Safari/537.36"
::1 - - [28/Apr/2022:09:51:33 +0000] "GET /google/login HTTP/1.1" 404 151 "-" "Mozilla/5.0 (X11; Linux x86_64) AppleWebKit/537.36 (KHTML, like Gecko) Chrome/100.0.4896.127 Safari/537.36"
::1 - - [28/Apr/2022:09:51:46 +0000] "GET /oauth/google/login HTTP/1.1" 302 0 "-" "Mozilla/5.0 (X11; Linux x86_64) AppleWebKit/537.36 (KHTML, like Gecko) Chrome/100.0.4896.127 Safari/537.36"
::1 - - [28/Apr/2022:09:52:09 +0000] "GET /wallet HTTP/1.1" 404 145 "-" "Mozilla/5.0 (X11; Linux x86_64) AppleWebKit/537.36 (KHTML, like Gecko) Chrome/100.0.4896.127 Safari/537.36"
::1 - - [28/Apr/2022:09:52:18 +0000] "GET /api/wallet HTTP/1.1" 304 - "-" "Mozilla/5.0 (X11; Linux x86_64) AppleWebKit/537.36 (KHTML, like Gecko) Chrome/100.0.4896.127 Safari/537.36"
::1 - - [28/Apr/2022:09:53:52 +0000] "GET /api/wallet HTTP/1.1" 200 1453 "-" "Mozilla/5.0 (X11; Linux x86_64) AppleWebKit/537.36 (KHTML, like Gecko) Chrome/100.0.4896.127 Safari/537.36"
::1 - - [28/Apr/2022:09:54:32 +0000] "GET /api/user/profile HTTP/1.1" 401 35 "-" "Mozilla/5.0 (X11; Linux x86_64) AppleWebKit/537.36 (KHTML, like Gecko) Chrome/100.0.4896.127 Safari/537.36"
::1 - - [28/Apr/2022:09:54:32 +0000] "GET /api/user/profile HTTP/1.1" 401 35 "-" "Mozilla/5.0 (X11; Linux x86_64) AppleWebKit/537.36 (KHTML, like Gecko) Chrome/100.0.4896.127 Safari/537.36"
::1 - - [28/Apr/2022:10:05:19 +0000] "GET /api/wallet HTTP/1.1" 200 1468 "-" "Mozilla/5.0 (X11; Linux x86_64) AppleWebKit/537.36 (KHTML, like Gecko) Chrome/100.0.4896.127 Safari/537.36"
::1 - - [28/Apr/2022:10:08:54 +0000] "GET /api/user/profile HTTP/1.1" 401 35 "-" "Mozilla/5.0 (X11; Linux x86_64) AppleWebKit/537.36 (KHTML, like Gecko) Chrome/100.0.4896.127 Safari/537.36"
::1 - - [28/Apr/2022:10:08:55 +0000] "GET /api/user/profile HTTP/1.1" 401 35 "-" "Mozilla/5.0 (X11; Linux x86_64) AppleWebKit/537.36 (KHTML, like Gecko) Chrome/100.0.4896.127 Safari/537.36"
::1 - - [28/Apr/2022:10:21:47 +0000] "GET /api/user/profile HTTP/1.1" 200 819 "-" "Mozilla/5.0 (X11; Linux x86_64) AppleWebKit/537.36 (KHTML, like Gecko) Chrome/100.0.4896.127 Safari/537.36"
::1 - - [28/Apr/2022:10:23:27 +0000] "GET /api/user/profile HTTP/1.1" 200 1111 "-" "Mozilla/5.0 (X11; Linux x86_64) AppleWebKit/537.36 (KHTML, like Gecko) Chrome/100.0.4896.127 Safari/537.36"
::1 - - [29/Apr/2022:14:25:59 +0000] "GET /api/user/profile HTTP/1.1" 304 - "-" "Mozilla/5.0 (X11; Linux x86_64) AppleWebKit/537.36 (KHTML, like Gecko) Chrome/100.0.4896.127 Safari/537.36"
::1 - - [29/Apr/2022:14:25:59 +0000] "GET /favicon.ico HTTP/1.1" 404 150 "http://localhost:3000/api/user/profile" "Mozilla/5.0 (X11; Linux x86_64) AppleWebKit/537.36 (KHTML, like Gecko) Chrome/100.0.4896.127 Safari/537.36"
::1 - - [29/Apr/2022:15:18:35 +0000] "GET /api/wallet/create HTTP/1.1" 404 156 "-" "Mozilla/5.0 (X11; Linux x86_64) AppleWebKit/537.36 (KHTML, like Gecko) Chrome/100.0.4896.127 Safari/537.36"
::1 - - [29/Apr/2022:15:19:58 +0000] "POST /api/wallet/create HTTP/1.1" 201 57 "-" "PostmanRuntime/7.29.0"
::1 - - [29/Apr/2022:15:22:31 +0000] "POST /api/wallet/create HTTP/1.1" 201 57 "-" "PostmanRuntime/7.29.0"
::1 - - [29/Apr/2022:15:27:46 +0000] "GET /api/wallet HTTP/1.1" 304 - "-" "Mozilla/5.0 (X11; Linux x86_64) AppleWebKit/537.36 (KHTML, like Gecko) Chrome/100.0.4896.127 Safari/537.36"
::1 - - [29/Apr/2022:15:29:21 +0000] "GET /api/record/ HTTP/1.1" 201 523 "-" "Mozilla/5.0 (X11; Linux x86_64) AppleWebKit/537.36 (KHTML, like Gecko) Chrome/100.0.4896.127 Safari/537.36"
::1 - - [29/Apr/2022:17:10:21 +0000] "POST /api/wallet/create HTTP/1.1" 201 169 "-" "PostmanRuntime/7.29.0"
::1 - - [30/Apr/2022:13:25:11 +0000] "POST /api/wallet/create HTTP/1.1" 201 169 "-" "PostmanRuntime/7.29.0"
::1 - - [30/Apr/2022:13:25:54 +0000] "POST /api/wallet/create HTTP/1.1" 201 169 "-" "PostmanRuntime/7.29.0"
::1 - - [30/Apr/2022:13:26:48 +0000] "POST /api/wallet/create HTTP/1.1" 201 169 "-" "PostmanRuntime/7.29.0"
::1 - - [30/Apr/2022:15:42:01 +0000] "GET /api/wallet HTTP/1.1" 304 - "-" "Mozilla/5.0 (X11; Linux x86_64) AppleWebKit/537.36 (KHTML, like Gecko) Chrome/100.0.4896.127 Safari/537.36"
::1 - - [30/Apr/2022:15:42:01 +0000] "GET /favicon.ico HTTP/1.1" 404 150 "http://localhost:3000/api/wallet" "Mozilla/5.0 (X11; Linux x86_64) AppleWebKit/537.36 (KHTML, like Gecko) Chrome/100.0.4896.127 Safari/537.36"
::1 - - [30/Apr/2022:15:42:13 +0000] "GET /api/user/profile HTTP/1.1" 200 1044 "-" "Mozilla/5.0 (X11; Linux x86_64) AppleWebKit/537.36 (KHTML, like Gecko) Chrome/100.0.4896.127 Safari/537.36"
::1 - - [30/Apr/2022:15:42:19 +0000] "GET /api/record/ HTTP/1.1" 201 523 "-" "Mozilla/5.0 (X11; Linux x86_64) AppleWebKit/537.36 (KHTML, like Gecko) Chrome/100.0.4896.127 Safari/537.36"
