
> gdsc_wallet_backend@1.0.0 start
> nodemon index.js

[33m[nodemon] 2.0.15[39m
[33m[nodemon] to restart at any time, enter `rs`[39m
[33m[nodemon] watching path(s): *.*[39m
[33m[nodemon] watching extensions: js,mjs,json[39m
[32m[nodemon] starting `node index.js`[39m
node:events:498
      throw er; // Unhandled 'error' event
      ^

Error: EBADF: bad file descriptor, read
Emitted 'error' event on ReadStream instance at:
    at emitErrorNT (node:internal/streams/destroy:157:8)
    at errorOrDestroy (node:internal/streams/destroy:220:7)
    at node:internal/fs/streams:258:9
    at FSReqCallback.wrapper [as oncomplete] (node:fs:660:5) {
  errno: -9,
  code: 'EBADF',
  syscall: 'read'
}

> gdsc_wallet_backend@1.0.0 start
> nodemon index.js

[33m[nodemon] 2.0.15[39m
[33m[nodemon] to restart at any time, enter `rs`[39m
[33m[nodemon] watching path(s): *.*[39m
[33m[nodemon] watching extensions: js,mjs,json[39m
[32m[nodemon] starting `node index.js`[39m
node:events:498
      throw er; // Unhandled 'error' event
      ^

Error: EBADF: bad file descriptor, read
Emitted 'error' event on ReadStream instance at:
    at emitErrorNT (node:internal/streams/destroy:157:8)
    at errorOrDestroy (node:internal/streams/destroy:220:7)
    at node:internal/fs/streams:258:9
    at FSReqCallback.wrapper [as oncomplete] (node:fs:660:5) {
  errno: -9,
  code: 'EBADF',
  syscall: 'read'
}
Server Running on Port: http://localhost:59000
TokenError: Bad Request
    at Strategy.OAuth2Strategy.parseErrorResponse (/home/andyjjrt/GDSC_wallet_backend/node_modules/passport-oauth2/lib/strategy.js:373:12)
    at Strategy.OAuth2Strategy._createOAuthError (/home/andyjjrt/GDSC_wallet_backend/node_modules/passport-oauth2/lib/strategy.js:420:16)
    at /home/andyjjrt/GDSC_wallet_backend/node_modules/passport-oauth2/lib/strategy.js:177:45
    at /home/andyjjrt/GDSC_wallet_backend/node_modules/oauth/lib/oauth2.js:191:18
    at passBackControl (/home/andyjjrt/GDSC_wallet_backend/node_modules/oauth/lib/oauth2.js:132:9)
    at IncomingMessage.<anonymous> (/home/andyjjrt/GDSC_wallet_backend/node_modules/oauth/lib/oauth2.js:157:7)
    at IncomingMessage.emit (node:events:532:35)
    at endReadableNT (node:internal/streams/readable:1346:12)
    at processTicksAndRejections (node:internal/process/task_queues:83:21)
